# JRE version: OpenJDK Runtime Environment (8.0_222-b10) (build 1.8.0_222-8u222-b10-1ubuntu1~18.04.1-b10)
# Java VM: OpenJDK 64-Bit Server VM (25.222-b10 mixed mode linux-amd64 compressed oops)
Heap:
 PSYoungGen      total 183808K, used 10725K [0x00000000ebf80000, 0x00000000f7e00000, 0x0000000100000000)
  eden space 173056K, 0% used [0x00000000ebf80000,0x00000000ebf80000,0x00000000f6880000)
  from space 10752K, 99% used [0x00000000f6900000,0x00000000f7379720,0x00000000f7380000)
  to   space 9216K, 0% used [0x00000000f7500000,0x00000000f7500000,0x00000000f7e00000)
 ParOldGen       total 48128K, used 23621K [0x00000000c3e00000, 0x00000000c6d00000, 0x00000000ebf80000)
  object space 48128K, 49% used [0x00000000c3e00000,0x00000000c55116a8,0x00000000c6d00000)
 Metaspace       used 51779K, capacity 53698K, committed 53760K, reserved 1095680K
  class space    used 7003K, capacity 7383K, committed 7424K, reserved 1048576K
GC Heap History (10 events):
Event: 2.292 GC heap after
Heap after GC invocations=8 (full 0):
 PSYoungGen      total 131584K, used 3231K [0x00000000ebf80000, 0x00000000f4680000, 0x0000000100000000)
  eden space 125952K, 0% used [0x00000000ebf80000,0x00000000ebf80000,0x00000000f3a80000)
  from space 5632K, 57% used [0x00000000f4100000,0x00000000f4427cf8,0x00000000f4680000)
  to   space 6144K, 0% used [0x00000000f3a80000,0x00000000f3a80000,0x00000000f4080000)
 ParOldGen       total 42496K, used 9998K [0x00000000c3e00000, 0x00000000c6780000, 0x00000000ebf80000)
  object space 42496K, 23% used [0x00000000c3e00000,0x00000000c47c3818,0x00000000c6780000)
 Metaspace       used 20619K, capacity 21086K, committed 21248K, reserved 1067008K
  class space    used 2569K, capacity 2705K, committed 2816K, reserved 1048576K
}
Event: 2.292 GC heap before
{Heap before GC invocations=9 (full 1):
 PSYoungGen      total 131584K, used 3231K [0x00000000ebf80000, 0x00000000f4680000, 0x0000000100000000)
  eden space 125952K, 0% used [0x00000000ebf80000,0x00000000ebf80000,0x00000000f3a80000)
  from space 5632K, 57% used [0x00000000f4100000,0x00000000f4427cf8,0x00000000f4680000)
  to   space 6144K, 0% used [0x00000000f3a80000,0x00000000f3a80000,0x00000000f4080000)
 ParOldGen       total 42496K, used 9998K [0x00000000c3e00000, 0x00000000c6780000, 0x00000000ebf80000)
  object space 42496K, 23% used [0x00000000c3e00000,0x00000000c47c3818,0x00000000c6780000)
 Metaspace       used 20619K, capacity 21086K, committed 21248K, reserved 1067008K
  class space    used 2569K, capacity 2705K, committed 2816K, reserved 1048576K
Event: 2.330 GC heap after
Heap after GC invocations=9 (full 1):
 PSYoungGen      total 131584K, used 0K [0x00000000ebf80000, 0x00000000f4680000, 0x0000000100000000)
  eden space 125952K, 0% used [0x00000000ebf80000,0x00000000ebf80000,0x00000000f3a80000)
  from space 5632K, 0% used [0x00000000f4100000,0x00000000f4100000,0x00000000f4680000)
  to   space 6144K, 0% used [0x00000000f3a80000,0x00000000f3a80000,0x00000000f4080000)
 ParOldGen       total 29696K, used 5840K [0x00000000c3e00000, 0x00000000c5b00000, 0x00000000ebf80000)
  object space 29696K, 19% used [0x00000000c3e00000,0x00000000c43b4018,0x00000000c5b00000)
 Metaspace       used 20619K, capacity 21086K, committed 21248K, reserved 1067008K
  class space    used 2569K, capacity 2705K, committed 2816K, reserved 1048576K
}
Event: 3.771 GC heap before
{Heap before GC invocations=10 (full 1):
 PSYoungGen      total 131584K, used 125952K [0x00000000ebf80000, 0x00000000f4680000, 0x0000000100000000)
  eden space 125952K, 100% used [0x00000000ebf80000,0x00000000f3a80000,0x00000000f3a80000)
  from space 5632K, 0% used [0x00000000f4100000,0x00000000f4100000,0x00000000f4680000)
  to   space 6144K, 0% used [0x00000000f3a80000,0x00000000f3a80000,0x00000000f4080000)
 ParOldGen       total 29696K, used 5840K [0x00000000c3e00000, 0x00000000c5b00000, 0x00000000ebf80000)
  object space 29696K, 19% used [0x00000000c3e00000,0x00000000c43b4018,0x00000000c5b00000)
 Metaspace       used 28559K, capacity 29528K, committed 29824K, reserved 1075200K
  class space    used 3624K, capacity 3844K, committed 3968K, reserved 1048576K
Event: 3.795 GC heap after
Heap after GC invocations=10 (full 1):
 PSYoungGen      total 132096K, used 6122K [0x00000000ebf80000, 0x00000000f7e00000, 0x0000000100000000)
  eden space 125952K, 0% used [0x00000000ebf80000,0x00000000ebf80000,0x00000000f3a80000)
  from space 6144K, 99% used [0x00000000f3a80000,0x00000000f407a840,0x00000000f4080000)
  to   space 9216K, 0% used [0x00000000f7500000,0x00000000f7500000,0x00000000f7e00000)
 ParOldGen       total 29696K, used 10921K [0x00000000c3e00000, 0x00000000c5b00000, 0x00000000ebf80000)
  object space 29696K, 36% used [0x00000000c3e00000,0x00000000c48aa5b8,0x00000000c5b00000)
 Metaspace       used 28559K, capacity 29528K, committed 29824K, reserved 1075200K
  class space    used 3624K, capacity 3844K, committed 3968K, reserved 1048576K
}
Event: 5.194 GC heap before
{Heap before GC invocations=11 (full 1):
 PSYoungGen      total 132096K, used 77014K [0x00000000ebf80000, 0x00000000f7e00000, 0x0000000100000000)
  eden space 125952K, 56% used [0x00000000ebf80000,0x00000000f04bb050,0x00000000f3a80000)
  from space 6144K, 99% used [0x00000000f3a80000,0x00000000f407a840,0x00000000f4080000)
  to   space 9216K, 0% used [0x00000000f7500000,0x00000000f7500000,0x00000000f7e00000)
 ParOldGen       total 29696K, used 10921K [0x00000000c3e00000, 0x00000000c5b00000, 0x00000000ebf80000)
  object space 29696K, 36% used [0x00000000c3e00000,0x00000000c48aa5b8,0x00000000c5b00000)
 Metaspace       used 34004K, capacity 35230K, committed 35416K, reserved 1081344K
  class space    used 4266K, capacity 4539K, committed 4608K, reserved 1048576K
Event: 5.206 GC heap after
Heap after GC invocations=11 (full 1):
 PSYoungGen      total 182272K, used 9190K [0x00000000ebf80000, 0x00000000f7e00000, 0x0000000100000000)
  eden space 173056K, 0% used [0x00000000ebf80000,0x00000000ebf80000,0x00000000f6880000)
  from space 9216K, 99% used [0x00000000f7500000,0x00000000f7df98d8,0x00000000f7e00000)
  to   space 10752K, 0% used [0x00000000f6900000,0x00000000f6900000,0x00000000f7380000)
 ParOldGen       total 29696K, used 11898K [0x00000000c3e00000, 0x00000000c5b00000, 0x00000000ebf80000)
  object space 29696K, 40% used [0x00000000c3e00000,0x00000000c499eba8,0x00000000c5b00000)
 Metaspace       used 34004K, capacity 35230K, committed 35416K, reserved 1081344K
  class space    used 4266K, capacity 4539K, committed 4608K, reserved 1048576K
}
Event: 5.206 GC heap before
{Heap before GC invocations=12 (full 2):
 PSYoungGen      total 182272K, used 9190K [0x00000000ebf80000, 0x00000000f7e00000, 0x0000000100000000)
  eden space 173056K, 0% used [0x00000000ebf80000,0x00000000ebf80000,0x00000000f6880000)
  from space 9216K, 99% used [0x00000000f7500000,0x00000000f7df98d8,0x00000000f7e00000)
  to   space 10752K, 0% used [0x00000000f6900000,0x00000000f6900000,0x00000000f7380000)
 ParOldGen       total 29696K, used 11898K [0x00000000c3e00000, 0x00000000c5b00000, 0x00000000ebf80000)
  object space 29696K, 40% used [0x00000000c3e00000,0x00000000c499eba8,0x00000000c5b00000)
 Metaspace       used 34004K, capacity 35230K, committed 35416K, reserved 1081344K
  class space    used 4266K, capacity 4539K, committed 4608K, reserved 1048576K
Event: 5.264 GC heap after
Heap after GC invocations=12 (full 2):
 PSYoungGen      total 182272K, used 0K [0x00000000ebf80000, 0x00000000f7e00000, 0x0000000100000000)
  eden space 173056K, 0% used [0x00000000ebf80000,0x00000000ebf80000,0x00000000f6880000)
  from space 9216K, 0% used [0x00000000f7500000,0x00000000f7500000,0x00000000f7e00000)
  to   space 10752K, 0% used [0x00000000f6900000,0x00000000f6900000,0x00000000f7380000)
 ParOldGen       total 48128K, used 14530K [0x00000000c3e00000, 0x00000000c6d00000, 0x00000000ebf80000)
  object space 48128K, 30% used [0x00000000c3e00000,0x00000000c4c30b80,0x00000000c6d00000)
 Metaspace       used 34004K, capacity 35230K, committed 35416K, reserved 1081344K
  class space    used 4266K, capacity 4539K, committed 4608K, reserved 1048576K
}
Event: 7.785 GC heap before
{Heap before GC invocations=13 (full 2):
 PSYoungGen      total 182272K, used 173056K [0x00000000ebf80000, 0x00000000f7e00000, 0x0000000100000000)
  eden space 173056K, 100% used [0x00000000ebf80000,0x00000000f6880000,0x00000000f6880000)
  from space 9216K, 0% used [0x00000000f7500000,0x00000000f7500000,0x00000000f7e00000)
  to   space 10752K, 0% used [0x00000000f6900000,0x00000000f6900000,0x00000000f7380000)
 ParOldGen       total 48128K, used 14530K [0x00000000c3e00000, 0x00000000c6d00000, 0x00000000ebf80000)
  object space 48128K, 30% used [0x00000000c3e00000,0x00000000c4c30b80,0x00000000c6d00000)
 Metaspace       used 51779K, capacity 53698K, committed 53760K, reserved 1095680K
  class space    used 7003K, capacity 7383K, committed 7424K, reserved 1048576K

